<?xml version="1.0" encoding="UTF-8"?>
<testsuite name="chap01.SpringTest" tests="1" skipped="0" failures="0" errors="0" timestamp="2022-06-28T15:19:12" hostname="joyeonglaeui-MacBookPro.local" time="0.023">
  <properties/>
  <testcase name="substring()" classname="chap01.SpringTest" time="0.023"/>
  <system-out><![CDATA[]]></system-out>
  <system-err><![CDATA[]]></system-err>
</testsuite>
