<?xml version="1.0" encoding="UTF-8"?>
<testsuite name="chap02.PasswordStrengthMeterTest" tests="10" skipped="0" failures="0" errors="0" timestamp="2022-06-28T16:38:39" hostname="joyeonglaeui-MacBookPro.local" time="0.03">
  <properties/>
  <testcase name="meetsOtherCriteria_except_for_Number_Then_Normal()" classname="chap02.PasswordStrengthMeterTest" time="0.026"/>
  <testcase name="meetsAllCriteria_Then_Strong()" classname="chap02.PasswordStrengthMeterTest" time="0.0"/>
  <testcase name="meetsOnlyLengthCriteria_Then_Weak()" classname="chap02.PasswordStrengthMeterTest" time="0.0"/>
  <testcase name="nullInput_Then_Invalid()" classname="chap02.PasswordStrengthMeterTest" time="0.0"/>
  <testcase name="meetsOtherCriteria_except_for_Uppercase_Then_Normal()" classname="chap02.PasswordStrengthMeterTest" time="0.0"/>
  <testcase name="meetsNoCriteria_Then_Weak()" classname="chap02.PasswordStrengthMeterTest" time="0.0"/>
  <testcase name="emptyInput_Then_Invalid()" classname="chap02.PasswordStrengthMeterTest" time="0.001"/>
  <testcase name="meetsOnlyNumCriteria_Then_Weak()" classname="chap02.PasswordStrengthMeterTest" time="0.0"/>
  <testcase name="meetsOnlyUpperCriteria_Then_Weak()" classname="chap02.PasswordStrengthMeterTest" time="0.0"/>
  <testcase name="meetsOtherCriteria_except_for_Length_Then_Normal()" classname="chap02.PasswordStrengthMeterTest" time="0.0"/>
  <system-out><![CDATA[]]></system-out>
  <system-err><![CDATA[]]></system-err>
</testsuite>
